<?xml version="1.0" encoding="UTF-8"?>
<!-- Generated by org.testng.reporters.JUnitReportReporter -->
<testsuite hostname="KUL-3D3PXZ1" name="testcases.PHOENIXLoginTest" tests="1" failures="0" timestamp="10 Oct 2019 02:54:56 GMT" time="11.703" errors="0">
  <testcase name="loginToDOMS" time="11.703" classname="testcases.PHOENIXLoginTest"/>
</testsuite> <!-- testcases.PHOENIXLoginTest -->
