<?xml version="1.0" encoding="UTF-8"?>
<!-- Generated by org.testng.reporters.JUnitReportReporter -->
<testsuite hostname="KUL-3D3PXZ1" name="testcases.Subbapage" tests="1" failures="0" timestamp="2 Oct 2019 03:04:12 GMT" time="0.081" errors="0">
  <testcase name="subbaMethod" time="0.081" classname="testcases.Subbapage"/>
</testsuite> <!-- testcases.Subbapage -->
