<?xml version="1.0" encoding="UTF-8"?>
<!-- Generated by org.testng.reporters.JUnitReportReporter -->
<testsuite hostname="KUL-3D3PXZ1" name="dataProviderFactory.AddTemplateAndNOPromote" tests="1" failures="0" timestamp="5 Feb 2020 06:54:38 GMT" time="704.116" errors="0">
  <testcase name="creatingProject" time="704.116" classname="dataProviderFactory.AddTemplateAndNOPromote"/>
</testsuite> <!-- dataProviderFactory.AddTemplateAndNOPromote -->
