<?xml version="1.0" encoding="UTF-8"?>
<!-- Generated by org.testng.reporters.JUnitReportReporter -->
<testsuite hostname="KUL-3D3PXZ1" name="testcases.DOMSLoginTest" tests="1" failures="0" timestamp="1 Oct 2019 02:49:54 GMT" time="6.472" errors="0">
  <testcase name="loginToDOMS" time="6.472" classname="testcases.DOMSLoginTest"/>
</testsuite> <!-- testcases.DOMSLoginTest -->
