<?xml version="1.0" encoding="UTF-8"?>
<!-- Generated by org.testng.reporters.JUnitReportReporter -->
<testsuite hostname="KUL-3D3PXZ1" name="apiTesting.GetFeeders" tests="2" failures="0" timestamp="4 Nov 2019 02:51:18 GMT" time="24.678" errors="0">
  <testcase name="testContent" time="24.609" classname="apiTesting.GetFeeders"/>
  <testcase name="testStatusCode" time="0.069" classname="apiTesting.GetFeeders"/>
</testsuite> <!-- apiTesting.GetFeeders -->
