<?xml version="1.0" encoding="UTF-8"?>
<!-- Generated by org.testng.reporters.JUnitReportReporter -->
<testsuite hostname="KUL-3D3PXZ1" name="dataProviderFactory.Addproject_NEW" tests="1" failures="0" timestamp="31 Jan 2020 13:41:27 GMT" time="87.629" errors="0">
  <testcase name="creatingProject" time="87.629" classname="dataProviderFactory.Addproject_NEW"/>
</testsuite> <!-- dataProviderFactory.Addproject_NEW -->
