<?xml version="1.0" encoding="UTF-8"?>
<!-- Generated by org.testng.reporters.JUnitReportReporter -->
<testsuite hostname="KUL-3D3PXZ1" name="dataProviderFactory.AddprojectAndPromote2" tests="1" failures="0" timestamp="5 Feb 2020 04:48:00 GMT" time="418.832" errors="0">
  <testcase name="creatingProject" time="418.832" classname="dataProviderFactory.AddprojectAndPromote2"/>
</testsuite> <!-- dataProviderFactory.AddprojectAndPromote2 -->
