<?xml version="1.0" encoding="UTF-8"?>
<!-- Generated by org.testng.reporters.JUnitReportReporter -->
<testsuite hostname="KUL-3D3PXZ1" name="apiTesting.GetData" tests="2" failures="0" timestamp="13 Nov 2019 03:45:47 GMT" time="89.540" errors="0">
  <testcase name="testContent" time="89.513" classname="apiTesting.GetData"/>
  <testcase name="testStatusCode" time="0.027" classname="apiTesting.GetData"/>
</testsuite> <!-- apiTesting.GetData -->
