<?xml version="1.0" encoding="UTF-8"?>
<!-- Generated by org.testng.reporters.JUnitReportReporter -->
<testsuite hostname="KUL-3D3PXZ1" name="dataProviderFactory.Addproject_NEW_BU3" tests="1" failures="0" timestamp="13 Feb 2020 04:15:33 GMT" time="102.864" errors="0">
  <testcase name="creatingProject" time="102.864" classname="dataProviderFactory.Addproject_NEW_BU3"/>
</testsuite> <!-- dataProviderFactory.Addproject_NEW_BU3 -->
