<?xml version="1.0" encoding="UTF-8"?>
<!-- Generated by org.testng.reporters.JUnitReportReporter -->
<testsuite hostname="KUL-3D3PXZ1" name="dataProviderFactory.Addproject_NEW_AMC" tests="1" failures="0" timestamp="31 Jan 2020 20:55:12 GMT" time="54.740" errors="0">
  <testcase name="creatingProject" time="54.740" classname="dataProviderFactory.Addproject_NEW_AMC"/>
</testsuite> <!-- dataProviderFactory.Addproject_NEW_AMC -->
