<?xml version="1.0" encoding="UTF-8"?>
<!-- Generated by org.testng.reporters.JUnitReportReporter -->
<testsuite hostname="KUL-3D3PXZ1" name="testcases.YahooLoginTest" tests="1" failures="0" timestamp="2 Oct 2019 07:45:15 GMT" time="5.613" errors="0">
  <testcase name="loginToYahooApp" time="5.613" classname="testcases.YahooLoginTest"/>
</testsuite> <!-- testcases.YahooLoginTest -->
