<?xml version="1.0" encoding="UTF-8"?>
<!-- Generated by org.testng.reporters.JUnitReportReporter -->
<testsuite hostname="KUL-3D3PXZ1" name="testcases.PHOENIXLoginCustAddProLogOut" tests="1" failures="0" timestamp="22 Oct 2019 07:20:04 GMT" time="24.874" errors="0">
  <testcase name="loginToPhoenix" time="24.874" classname="testcases.PHOENIXLoginCustAddProLogOut"/>
</testsuite> <!-- testcases.PHOENIXLoginCustAddProLogOut -->
