<?xml version="1.0" encoding="UTF-8"?>
<!-- Generated by org.testng.reporters.JUnitReportReporter -->
<testsuite hostname="KUL-3D3PXZ1" name="apiTesting.GetData" tests="2" failures="0" timestamp="4 Nov 2019 02:39:43 GMT" time="94.204" errors="0">
  <testcase name="testContent" time="94.164" classname="apiTesting.GetData"/>
  <testcase name="testStatusCode" time="0.040" classname="apiTesting.GetData"/>
</testsuite> <!-- apiTesting.GetData -->
