<?xml version="1.0" encoding="UTF-8"?>
<!-- Generated by org.testng.reporters.JUnitReportReporter -->
<testsuite hostname="KUL-3D3PXZ1" name="apiTesting.GetData" tests="2" failures="0" timestamp="23 Oct 2019 06:17:35 GMT" time="6.557" errors="0">
  <testcase name="testContent" time="6.205" classname="apiTesting.GetData"/>
  <testcase name="testStatusCode" time="0.352" classname="apiTesting.GetData"/>
</testsuite> <!-- apiTesting.GetData -->
