<?xml version="1.0" encoding="UTF-8"?>
<!-- Generated by org.testng.reporters.JUnitReportReporter -->
<testsuite hostname="KUL-3D3PXZ1" name="dataProviderFactory.ActiveAndSAVE" tests="1" failures="0" timestamp="11 Feb 2020 11:05:02 GMT" time="1515.144" errors="0">
  <testcase name="creatingProject" time="1515.144" classname="dataProviderFactory.ActiveAndSAVE"/>
</testsuite> <!-- dataProviderFactory.ActiveAndSAVE -->
