<?xml version="1.0" encoding="UTF-8"?>
<!-- Generated by org.testng.reporters.JUnitReportReporter -->
<testsuite hostname="KUL-3D3PXZ1" name="testcases.DOMSLoginTest" tests="1" failures="0" timestamp="9 Oct 2019 14:32:58 GMT" time="19.845" errors="0">
  <testcase name="loginToDOMS" time="19.845" classname="testcases.DOMSLoginTest"/>
</testsuite> <!-- testcases.DOMSLoginTest -->
