<?xml version="1.0" encoding="UTF-8"?>
<!-- Generated by org.testng.reporters.JUnitReportReporter -->
<testsuite hostname="KUL-3D3PXZ1" name="dataProviderFactory.Addproject2" tests="1" failures="0" timestamp="31 Jan 2020 11:17:43 GMT" time="218.845" errors="0">
  <testcase name="creatingProject" time="218.845" classname="dataProviderFactory.Addproject2"/>
</testsuite> <!-- dataProviderFactory.Addproject2 -->
