<?xml version="1.0" encoding="UTF-8"?>
<!-- Generated by org.testng.reporters.JUnitReportReporter -->
<testsuite hostname="KUL-3D3PXZ1" name="testcases.PHOENIXLoginTest2" tests="1" failures="0" timestamp="21 Oct 2019 10:03:08 GMT" time="8.215" errors="0">
  <testcase name="loginToPHOENIX" time="8.215" classname="testcases.PHOENIXLoginTest2"/>
</testsuite> <!-- testcases.PHOENIXLoginTest2 -->
