<?xml version="1.0" encoding="UTF-8"?>
<!-- Generated by org.testng.reporters.JUnitReportReporter -->
<testsuite hostname="KUL-3D3PXZ1" name="testcases.PBDLoginTest" tests="1" failures="0" timestamp="1 Oct 2019 04:11:34 GMT" time="4.311" errors="0">
  <testcase name="loginToPBD" time="4.311" classname="testcases.PBDLoginTest"/>
</testsuite> <!-- testcases.PBDLoginTest -->
